TN:
SF:prisma/prisma.service.ts
FN:7,(anonymous_2)
FN:12,(anonymous_3)
FNF:2
FNH:0
FNDA:0,(anonymous_2)
FNDA:0,(anonymous_3)
DA:1,3
DA:2,3
DA:3,3
DA:6,3
DA:8,0
DA:9,0
DA:13,0
LF:7
LH:4
BRF:0
BRH:0
end_of_record
TN:
SF:src/usuarios/usuarioFactory.factory.ts
FN:8,(anonymous_0)
FNF:1
FNH:1
FNDA:1,(anonymous_0)
DA:4,3
LF:1
LH:1
BRF:0
BRH:0
end_of_record
TN:
SF:src/usuarios/usuarios.service.ts
FN:18,(anonymous_11)
FN:27,(anonymous_12)
FN:51,(anonymous_13)
FN:55,(anonymous_14)
FN:59,(anonymous_15)
FN:63,(anonymous_16)
FN:67,(anonymous_17)
FN:71,(anonymous_18)
FN:89,(anonymous_19)
FN:97,(anonymous_20)
FN:119,(anonymous_21)
FN:122,(anonymous_22)
FN:165,(anonymous_23)
FNF:13
FNH:8
FNDA:16,(anonymous_11)
FNDA:4,(anonymous_12)
FNDA:2,(anonymous_13)
FNDA:1,(anonymous_14)
FNDA:0,(anonymous_15)
FNDA:0,(anonymous_16)
FNDA:0,(anonymous_17)
FNDA:8,(anonymous_18)
FNDA:0,(anonymous_19)
FNDA:7,(anonymous_20)
FNDA:2,(anonymous_21)
FNDA:2,(anonymous_22)
FNDA:0,(anonymous_23)
DA:1,3
DA:2,3
DA:6,3
DA:7,3
DA:8,3
DA:9,3
DA:11,3
DA:12,3
DA:14,3
DA:17,3
DA:19,16
DA:20,16
DA:21,16
DA:22,16
DA:23,16
DA:32,4
DA:33,4
DA:36,3
DA:38,3
DA:39,3
DA:41,3
DA:46,3
DA:52,2
DA:56,1
DA:60,0
DA:64,0
DA:68,0
DA:72,8
DA:73,8
DA:75,4
DA:76,4
DA:78,2
DA:90,0
DA:98,7
DA:99,2
DA:102,5
DA:108,5
DA:110,5
DA:111,2
DA:114,5
DA:115,2
DA:116,2
DA:118,2
DA:119,2
DA:120,2
DA:123,2
DA:124,1
DA:128,1
DA:130,1
DA:134,5
DA:135,2
DA:142,2
DA:143,0
DA:146,2
DA:149,5
DA:162,5
DA:166,0
LF:57
LH:51
BRDA:33,0,0,1
BRDA:33,0,1,3
BRDA:36,1,0,3
BRDA:36,1,1,2
BRDA:73,2,0,4
BRDA:73,2,1,4
BRDA:76,3,0,2
BRDA:76,3,1,2
BRDA:98,4,0,2
BRDA:98,4,1,5
BRDA:110,5,0,2
BRDA:110,5,1,3
BRDA:114,6,0,2
BRDA:114,6,1,3
BRDA:123,7,0,1
BRDA:123,7,1,1
BRDA:134,8,0,2
BRDA:134,8,1,3
BRDA:142,9,0,0
BRDA:142,9,1,2
BRDA:19,10,0,3
BRDA:19,10,1,0
BRDA:19,11,0,3
BRDA:19,11,1,3
BRDA:19,12,0,3
BRDA:19,12,1,0
BRDA:19,13,0,3
BRDA:19,13,1,3
BRDA:20,14,0,3
BRDA:20,14,1,0
BRDA:20,15,0,3
BRDA:20,15,1,3
BRDA:21,16,0,3
BRDA:21,16,1,0
BRDA:21,17,0,3
BRDA:21,17,1,3
BRDA:22,18,0,3
BRDA:22,18,1,0
BRDA:22,19,0,3
BRDA:22,19,1,3
BRF:40
BRH:34
end_of_record
TN:
SF:src/usuarios/factory/usuarioAdmin.factory.ts
FN:10,(anonymous_1)
FN:14,(anonymous_2)
FN:24,(anonymous_3)
FNF:3
FNH:0
FNDA:0,(anonymous_1)
FNDA:0,(anonymous_2)
FNDA:0,(anonymous_3)
DA:1,3
DA:4,3
DA:7,3
DA:11,0
DA:15,0
DA:25,0
DA:26,0
LF:7
LH:3
BRDA:25,0,0,0
BRDA:25,0,1,0
BRF:2
BRH:0
end_of_record
TN:
SF:src/usuarios/factory/usuarioModerador.factory.ts
FN:9,(anonymous_1)
FN:13,(anonymous_2)
FNF:2
FNH:0
FNDA:0,(anonymous_1)
FNDA:0,(anonymous_2)
DA:1,3
DA:4,3
DA:7,3
DA:10,0
DA:14,0
LF:5
LH:3
BRF:0
BRH:0
end_of_record
TN:
SF:src/usuarios/factory/usuarioNormal.factory.ts
FN:8,(anonymous_1)
FN:12,(anonymous_2)
FNF:2
FNH:2
FNDA:1,(anonymous_1)
FNDA:1,(anonymous_2)
DA:1,3
DA:4,3
DA:7,3
DA:9,1
DA:13,1
LF:5
LH:5
BRF:0
BRH:0
end_of_record
TN:
SF:src/usuarios/factory/usuarioVerificado.factory.ts
FN:9,(anonymous_1)
FN:13,(anonymous_2)
FNF:2
FNH:0
FNDA:0,(anonymous_1)
FNDA:0,(anonymous_2)
DA:1,3
DA:4,3
DA:7,3
DA:10,0
DA:14,0
LF:5
LH:3
BRF:0
BRH:0
end_of_record
